1623771054296	geckodriver	INFO	Listening on 127.0.0.1:49808
1623771057348	mozrunner::runner	INFO	Running command: "C:\\Program Files\\Mozilla Firefox\\firefox.exe" "--marionette" "-foreground" "-no-remote" "-profile" "C:\\Users\\stebl\\AppData\\Local\\Temp\\rust_mozprofileFyULaf"
1623771058244	Marionette	INFO	Marionette enabled
console.warn: SearchSettings: "get: No settings file exists, new profile?" (new NotFoundError("Could not open the file at C:\\Users\\stebl\\AppData\\Local\\Temp\\rust_mozprofileFyULaf\\search.json.mozlz4", (void 0)))
1623771060681	Marionette	INFO	Listening on port 49817
1623771061294	Marionette	WARN	TLS certificate errors will be ignored for this session
1623771063721	Marionette	WARN	Ignoring event 'DOMContentLoaded' because document has an invalid readyState of 'complete'.
1623771108421	Marionette	INFO	Stopped listening on port 49817
1623771114517	geckodriver	INFO	Listening on 127.0.0.1:49961
1623771117585	mozrunner::runner	INFO	Running command: "C:\\Program Files\\Mozilla Firefox\\firefox.exe" "--marionette" "-foreground" "-no-remote" "-profile" "C:\\Users\\stebl\\AppData\\Local\\Temp\\rust_mozprofileAGLMRb"
1623771117974	Marionette	INFO	Marionette enabled
console.warn: SearchSettings: "get: No settings file exists, new profile?" (new NotFoundError("Could not open the file at C:\\Users\\stebl\\AppData\\Local\\Temp\\rust_mozprofileAGLMRb\\search.json.mozlz4", (void 0)))
1623771120278	Marionette	INFO	Listening on port 49972
1623771120798	Marionette	WARN	TLS certificate errors will be ignored for this session
JavaScript error: https://st1.kp.yandex.net/js/main.js?v=9f01623771125700	mozrunner::runner	INFO	Running command: "C:\\Program Files\\Mozilla Firefox\\firefox.exe" "--marionette" "-foreground" "-no-remote" "-profile" "C:\\Users\\stebl\\AppData\\Local\\Temp\\rust_mozprofi1623771138471	Marionette	INFO	Stopped listening on port 49972
sole.warn: SearchSettings: "get: No settings file exists, new profile?" (new NotFoundError("Could not open the file at C:\\Users\\stebl\\AppData\\Local\\Temp\\rust_mozprofileYbHX9N\\search.json.mozlz4", (void 0)))
1623771127941	Marionette	INFO	Listening on port 50090
1623771128395	Marionette	WARN	TLS certificate errors will be ignored for this session
1623771131408	Marionette	WARN	Ignoring event 'DOMContentLoaded' because document has an invalid readyState of 'complete'.
1623771137637	Marionette	INFO	Stopped listening on port 50090
1623771183688	geckodriver	INFO	Listening on 127.0.0.1:50196
1623771186803	mozrunner::runner	INFO	Running command: "C:\\Program Files\\Mozilla Firefox\\firefox.exe" "--marionette" "-foreground" "-no-remote" "-profile" "C:\\Users\\stebl\\AppData\\Local\\Temp\\rust_mozprofileGILB7z"
1623771187153	Marionette	INFO	Marionette enabled
console.warn: SearchSettings: "get: No settings file exists, new profile?" (new NotFoundError("Could not open the file at C:\\Users\\stebl\\AppData\\Local\\Temp\\rust_mozprofileGILB7z\\search.json.mozlz4", (void 0)))
1623771189365	Marionette	INFO	Listening on port 50204
1623771189495	Marionette	WARN	TLS certificate errors will be ignored for this session
JavaScript error: , line 0: TypeError: NetworkError when attempting to fetch resource.
1623771213501	geckodriver	INFO	Listening on 127.0.0.1:50295
1623771216613	mozrunner::runner	INFO	Running command: "C:\\Program Files\\Mozilla Firefox\\firefox.exe" "--marionette" "-foreground" "-no-remote" "-profile" "C:\\Users\\stebl\\AppData\\Local\\Temp\\rust_mozprofile2vv5RE"
1623771216962	Marionette	INFO	Marionette enabled
console.warn: SearchSettings: "get: No settings file exists, new profile?" (new NotFoundError("Could not open the file at C:\\Users\\stebl\\AppData\\Local\\Temp\\rust_mozprofile2vv5RE\\search.json.mozlz4", (void 0)))
1623771219104	Marionette	INFO	Listening on port 50303
1623771219314	Marionette	WARN	TLS certificate errors will be ignored for this session
JavaScript error: https://st1.kp.yandex.net/js/main.js?v=9f0557bcab4760970fcc7668f976f4fc, line 2: TypeError: e.querySelectorAll is not a function
JavaScript error: , line 0: TypeError: NetworkError when attempting to fetch resource.
JavaScript error: https://st1.kp.yandex.net/js/main.js?v=9f0557bcab4760970fcc7668f976f4fc, line 2: TypeError: e.querySelectorAll is not a function
JavaScript error: https://st1.kp.yandex.net/js/main.js?v=9f0557bcab4760970fcc7668f976f4fc, line 2: TypeError: e.querySelectorAll is not a function
1623771265896	Marionette	WARN	Ignoring event 'DOMContentLoaded' because document has an invalid readyState of 'complete'.
JavaScript error: https://st1.kp.yandex.net/js/main.js?v=9f0557bcab4760970fcc7668f976f4fc, line 2: TypeError: e.querySelectorAll is not a function
1623771466187	Marionette	INFO	Stopped listening on port 50303
3771355713	mozrunner::runner	INFO	Running command: "C:\\Program Files\\Mozilla Firefox\\firefox.exe" "--marionette" "-foreground" "-no-remote" "-profile" "C:\\Users\\stebl\\AppData\\Local\\Temp\\rust_mozprofileDbdfn9"
1623771356037	Marionette	INFO	Marionette enabled
console.warn: SearchSettings: "get: No settings file exists, new profile?" (new NotFoundError("Could not open the file at C:\\Users\\stebl\\AppData\\Local\\Temp\\rust_mozprofileDbdfn9\\search.json.mozlz4", (void 0)))
1623771357966	Marionette	INFO	Listening on port 50487
1623771358405	Marionette	WARN	TLS certificate errors will be ignored for this session
JavaScript error: , line 0: AbortError: The operation was aborted. 
1623771464304	Marionette	INFO	Stopped listening on port 50487

###!!! [Child][RunMessage] Error: Channel closing: too late to send/recv, messages will be lost

"--marionette" "-foreground" "-no-remote" "-profile" "C:\\Users\\stebl\\AppData\\Local\\Temp\\rust_mozprofileWvAfEh"
1623771401802	Marionette	INFO	Marionette enabled
console.warn: SearchSettings: "get: No settings file exists, new profile?" (new NotFoundError("Could not open the file at C:\\Users\\stebl\\AppData\\Local\\Temp\\rust_mozprofileWvAfEh\\search.json.mozlz4", (void 0)))
1623771403696	Marionette	INFO	Listening on port 50580
1623771404162	Marionette	WARN	TLS certificate errors will be ignored for this session
JavaScript error: , line 0: TypeError: NetworkError when attempting to fetch resource.
A content process crashed and MOZ_CRASHREPORTER_SHUTDOWN is set, shutting down

###!!! [Parent][MessageChannel] Error: (msgtype=0x390144,name=PContent::Msg_AsyncMessage) Channel error: cannot send/recv


###!!! [Parent][MessageChannel] Error: (msgtype=0x390144,name=PContent::Msg_AsyncMessage) Channel error: cannot send/recv

A content process crashed and MOZ_CRASHREPORTER_SHUTDOWN is set, shutting down
JavaScript error: chrome://global/content/elements/browser-custom-element.js, line 1659: Error: permitUnload is already running for this tab.

###!!! [Parent][MessageChannel] Error: (msgtype=0x390089,name=PContent::Msg_FlushTabState) Channel error: cannot send/recv


###!!! [Parent][MessageChannel] Error: (msgtype=0x230001,name=PBrowser::Msg_AsyncMessage) Channel error: cannot send/recv


###!!! [Parent][MessageChannel] Error: (msgtype=0x390144,name=PContent::Msg_AsyncMessage) Channel error: cannot send/recv


###!!! [Parent][MessageChannel] Error: (msgtype=0x390144,name=PContent::Msg_AsyncMessage) Channel error: cannot send/recv


###!!! [Parent][MessageChannel] Error: (msgtype=0x390144,name=PContent::Msg_AsyncMessage) Channel error: cannot send/recv


###!!! [Parent][MessageChannel] Error: (msgtype=0x390144,name=PContent::Msg_AsyncMessage) Channel error: cannot send/recv


###!!! [Parent][MessageChannel] Error: (msgtype=0x390144,name=PContent::Msg_AsyncMessage) Channel error: cannot send/recv


###!!! [Parent][MessageChannel] Error: (msgtype=0x390020,name=PContent::Msg_RegisterChromeItem) Channel error: cannot send/recv


###!!! [Parent][MessageChannel] Error: (msgtype=0x390144,name=PContent::Msg_AsyncMessage) Channel error: cannot send/recv


###!!! [Parent][MessageChannel] Error: (msgtype=0x390144,name=PContent::Msg_AsyncMessage) Channel error: cannot send/recv


###!!! [Parent][MessageChannel] Error: (msgtype=0x390144,name=PContent::Msg_AsyncMessage) Channel error: cannot send/recv


###!!! [Parent][MessageChannel] Error: (msgtype=0x390144,name=PContent::Msg_AsyncMessage) Channel error: cannot send/recv


###!!! [Parent][MessageChannel] Error: (msgtype=0x390144,name=PContent::Msg_AsyncMessage) Channel error: cannot send/recv


###!!! [Parent][MessageChannel] Error: (msgtype=0x390144,name=PContent::Msg_AsyncMessage) Channel error: cannot send/recv


###!!! [Parent][MessageChannel] Error: (msgtype=0x390144,name=PContent::Msg_AsyncMessage) Channel error: cannot send/recv


###!!! [Parent][MessageChannel] Error: (msgtype=0x390144,name=PContent::Msg_AsyncMessage) Channel error: cannot send/recv


###!!! [Parent][MessageChannel] Error: (msgtype=0x390144,name=PContent::Msg_AsyncMessage) Channel error: cannot send/recv


###!!! [Parent][MessageChannel] Error: (msgtype=0x390144,name=PContent::Msg_AsyncMessage) Channel error: cannot send/recv


###!!! [Parent][MessageChannel] Error: (msgtype=0x390144,name=PContent::Msg_AsyncMessage) Channel error: cannot send/recv


###!!! [Parent][MessageChannel] Error: (msgtype=0x390144,name=PContent::Msg_AsyncMessage) Channel error: cannot send/recv


###!!! [Parent][MessageChannel] Error: (msgtype=0x390144,name=PContent::Msg_AsyncMessage) Channel error: cannot send/recv


###!!! [Parent][MessageChannel] Error: (msgtype=0x390144,name=PContent::Msg_AsyncMessage) Channel error: cannot send/recv


###!!! [Parent][MessageChannel] Error: (msgtype=0x390144,name=PContent::Msg_AsyncMessage) Channel error: cannot send/recv


###!!! [Parent][MessageChannel] Error: (msgtype=0x390144,name=PContent::Msg_AsyncMessage) Channel error: cannot send/recv


###!!! [Parent][MessageChannel] Error: (msgtype=0x390144,name=PContent::Msg_AsyncMessage) Channel error: cannot send/recv


###!!! [Parent][MessageChannel] Error: (msgtype=0x390144,name=PContent::Msg_AsyncMessage) Channel error: cannot send/recv


###!!! [Parent][MessageChannel] Error: (msgtype=0x390144,name=PContent::Msg_AsyncMessage) Channel error: cannot send/recv


###!!! [Parent][MessageChannel] Error: (msgtype=0x390144,name=PContent::Msg_AsyncMessage) Channel error: cannot send/recv


###!!! [Parent][MessageChannel] Error: (msgtype=0x390144,name=PContent::Msg_AsyncMessage) Channel error: cannot send/recv

JavaScript error: resource:///modules/sessionstore/SessionStore.jsm, line 2128: TypeError: subject.QueryInterface is not a function
1623782337451	geckodriver	INFO	Listening on 127.0.0.1:53372
1623782340531	mozrunner::runner	INFO	Running command: "C:\\Program Files\\Mozilla Firefox\\firefox.exe" "--marionette" "-foreground" "-no-remote" "-profile" "C:\\Users\\stebl\\AppData\\Local\\Temp\\rust_mozprofile374xDw"
1623782340928	Marionette	INFO	Marionette enabled
console.warn: SearchSettings: "get: No settings file exists, new profile?" (new NotFoundError("Could not open the file at C:\\Users\\stebl\\AppData\\Local\\Temp\\rust_mozprofile374xDw\\search.json.mozlz4", (void 0)))
1623782342838	Marionette	INFO	Listening on port 53380
1623782343269	Marionette	WARN	TLS certificate errors will be ignored for this session
1623782899169	Marionette	INFO	Stopped listening on port 53380
3782412380	mozrunner::runner	INFO	Running command: "C:\\Program Files\\Mozilla Firefox\\firefox.exe" "--marionette" "-foreground" "-no-remote" "-profile" "C:\\Users\\stebl\\AppData\\Local\\Temp\\rust_mozprofileCJF0Zo"
1623782412703	Marionette	INFO	Marionette enabled
console.warn: SearchSettings: "get: No settings file exists, new profile?" (new NotFoundError("Could not open the file at C:\\Users\\stebl\\AppData\\Local\\Temp\\rust_mozprofileCJF0Zo\\search.json.mozlz4", (void 0)))
1623782414546	Marionette	INFO	Listening on port 53446
1623782414559	Marionette	WARN	TLS certificate errors will be ignored for this session
JavaScript error: , line 0: TypeError: NetworkError when attempting to fetch resource.

###!!! [Parent][MessageChannel] Error: (msgtype=0x390144,name=PContent::Msg_AsyncMessage) Channel error: cannot send/recv


###!!! [Parent][MessageChannel] Error: (msgtype=0x390144,name=PContent::Msg_AsyncMessage) Channel error: cannot send/recv


###!!! [Parent][MessageChannel] Error: (msgtype=0x390144,name=PContent::Msg_AsyncMessage) Channel error: cannot send/recv

A content process crashed and MOZ_CRASHREPORTER_SHUTDOWN is set, shutting down

###!!! [Parent][MessageChannel] Error: (msgtype=0x390084,name=PContent::Msg_DispatchBeforeUnloadToSubtree) Channel error: cannot send/recv


###!!! [Parent][MessageChannel] Error: (msgtype=0x390089,name=PContent::Msg_FlushTabState) Channel error: cannot send/recv


###!!! [Parent][MessageChannel] Error: (msgtype=0x230001,name=PBrowser::Msg_AsyncMessage) Channel error: cannot send/recv

1623783050988	geckodriver	INFO	Listening on 127.0.0.1:53634
1623783054088	mozrunner::runner	INFO	Running command: "C:\\Program Files\\Mozilla Firefox\\firefox.exe" "--marionette" "-foreground" "-no-remote" "-profile" "C:\\Users\\stebl\\AppData\\Local\\Temp\\rust_mozprofilelsNxMC"
1623783054426	Marionette	INFO	Marionette enabled
console.warn: SearchSettings: "get: No settings file exists, new profile?" (new NotFoundError("Could not open the file at C:\\Users\\stebl\\AppData\\Local\\Temp\\rust_mozprofilelsNxMC\\search.json.mozlz4", (void 0)))
1623783056455	Marionette	INFO	Listening on port 53642
1623783056770	Marionette	WARN	TLS certificate errors will be ignored for this session
JavaScript error: , line 0: TypeError: NetworkError when attempting to fetch resource.
JavaScript error: https://st1.kp.yandex.net/js/main.js?v=9f0557bcab4760970fcc7668f976f4fc, line 2: TypeError: e.querySelectorAll is not a function
1623783064736	Marionette	WARN	Ignoring event 'DOMContentLoaded' because document has an invalid readyState of 'complete'.
1623783224080	Marionette	INFO	Stopped listening on port 53642
3783128578	mozrunner::runner	INFO	Running command: "C:\\Program Files\\Mozilla Firefox\\firefox.exe" "--marionette" "-foreground" "-no-remote" "-profile" "C:\\Users\\stebl\\AppData\\Local\\Temp\\rust_mozprofilelLhoOc"
1623783128920	Marionette	INFO	Marionette enabled
console.warn: SearchSettings: "get: No settings file exists, new profile?" (new NotFoundError("Could not open the file at C:\\Users\\stebl\\AppData\\Local\\Temp\\rust_mozprofilelLhoOc\\search.json.mozlz4", (void 0)))
1623783130920	Marionette	INFO	Listening on port 53748
1623783131276	Marionette	WARN	TLS certificate errors will be ignored for this session
JavaScript error: , line 0: TypeError: NetworkError when attempting to fetch resource.
1623783218578	geckodriver	INFO	Listening on 127.0.0.1:53845
1623783221688	mozrunner::runner	INFO	Running command: "C:\\Program Files\\Mozilla Firefox\\firefox.exe" "--marionette" "-foreground" "-no-remote" "-profile" "C:\\Users\\stebl\\AppData\\Local\\Temp\\rust_mozprofileTtIl7j"
1623783222029	Marionette	INFO	Marionette enabled
console.warn: SearchSettings: "get: No settings file exists, new profile?" (new NotFoundError("Could not open the file at C:\\Users\\stebl\\AppData\\Local\\Temp\\rust_mozprofileTtIl7j\\search.json.mozlz4", (void 0)))
1623783223953	Marionette	INFO	Listening on port 53853
1623783224383	Marionette	WARN	TLS certificate errors will be ignored for this session
JavaScript error: , line 0: TypeError: NetworkError when attempting to fetch resource.
1623783287730	geckodriver	INFO	Listening on 127.0.0.1:53948
1623783290784	mozrunner::runner	INFO	Running command: "C:\\Program Files\\Mozilla Firefox\\firefox.exe" "--marionette" "-foreground" "-no-remote" "-profile" "C:\\Users\\stebl\\AppData\\Local\\Temp\\rust_mozprofileUrBV0N"
1623783291097	Marionette	INFO	Marionette enabled
console.warn: SearchSettings: "get: No settings file exists, new profile?" (new NotFoundError("Could not open the file at C:\\Users\\stebl\\AppData\\Local\\Temp\\rust_mozprofileUrBV0N\\search.json.mozlz4", (void 0)))
1623783292921	Marionette	INFO	Listening on port 53956
1623783292965	Marionette	WARN	TLS certificate errors will be ignored for this session
JavaScript error: , line 0: TypeError: NetworkError when attempting to fetch resource.
1623783353330	Marionette	WARN	Ignoring event 'DOMContentLoaded' because document has an invalid readyState of 'complete'.
1623783411462	Marionette	WARN	Ignoring event 'DOMContentLoaded' because document has an invalid readyState of 'complete'.
1623783449747	geckodriver	INFO	Listening on 127.0.0.1:54077
1623783452845	mozrunner::runner	INFO	Running command: "C:\\Program Files\\Mozilla Firefox\\firefox.exe" "--marionette" "-foreground" "-no-remote" "-profile" "C:\\Users\\stebl\\AppData\\Local\\Temp\\rust_mozprofileh6NAGI"
1623783453166	Marionette	INFO	Marionette enabled
console.warn: SearchSettings: "get: No settings file exists, new profile?" (new NotFoundError("Could not open the file at C:\\Users\\stebl\\AppData\\Local\\Temp\\rust_mozprofileh6NAGI\\search.json.mozlz4", (void 0)))
1623783455033	Marionette	INFO	Listening on port 54085
1623783455533	Marionette	WARN	TLS certificate errors will be ignored for this session
JavaScript error: , line 0: TypeError: NetworkError when attempting to fetch resource.
1623783514308	geckodriver	INFO	Listening on 127.0.0.1:54184
1623783517403	mozrunner::runner	INFO	Running command: "C:\\Program Files\\Mozilla Firefox\\firefox.exe" "--marionette" "-foreground" "-no-remote" "-profile" "C:\\Users\\stebl\\AppData\\Local\\Temp\\rust_mozprofilenWvbWh"
1623783517736	Marionette	INFO	Marionette enabled
console.warn: SearchSettings: "get: No settings file exists, new profile?" (new NotFoundError("Could not open the file at C:\\Users\\stebl\\AppData\\Local\\Temp\\rust_mozprofilenWvbWh\\search.json.mozlz4", (void 0)))
1623783519584	Marionette	INFO	Listening on port 54192
1623783520084	Marionette	WARN	TLS certificate errors will be ignored for this session
JavaScript error: https://st1.kp.yandex.net/js/main.js?v=9f0557bcab4760970fcc7668f976f4fc, line 2: TypeError: e.querySelectorAll is not a function
JavaScript error: , line 0: TypeError: NetworkError when attempting to fetch resource.
1623783554880	geckodriver	INFO	Listening on 127.0.0.1:54290
1623783557962	mozrunner::runner	INFO	Running command: "C:\\Program Files\\Mozilla Firefox\\firefox.exe" "--marionette" "-foreground" "-no-remote" "-profile" "C:\\Users\\stebl\\AppData\\Local\\Temp\\rust_mozprofilebGQq2n"
1623783558278	Marionette	INFO	Marionette enabled
console.warn: SearchSettings: "get: No settings file exists, new profile?" (new NotFoundError("Could not open the file at C:\\Users\\stebl\\AppData\\Local\\Temp\\rust_mozprofilebGQq2n\\search.json.mozlz4", (void 0)))
JavaScript error: resource:///modules/UrlbarUtils.jsm, line 757: NS_ERROR_ILLEGAL_VALUE: Component returned failure code: 0x80070057 (NS_ERROR_ILLEGAL_VALUE) [nsIEffectiveTLDService.getKnownPublicSuffixFromHost]
1623783560181	Marionette	INFO	Listening on port 54298
1623783560650	Marionette	WARN	TLS certificate errors will be ignored for this session
JavaScript error: , line 0: TypeError: NetworkError when attempting to fetch resource.
1623784186341	geckodriver	INFO	Listening on 127.0.0.1:54502
1623784189381	mozrunner::runner	INFO	Running command: "C:\\Program Files\\Mozilla Firefox\\firefox.exe" "--marionette" "-foreground" "-no-remote" "-profile" "C:\\Users\\stebl\\AppData\\Local\\Temp\\rust_mozprofiledOkEfO"
1623784189696	Marionette	INFO	Marionette enabled
console.warn: SearchSettings: "get: No settings file exists, new profile?" (new NotFoundError("Could not open the file at C:\\Users\\stebl\\AppData\\Local\\Temp\\rust_mozprofiledOkEfO\\search.json.mozlz4", (void 0)))
1623784191507	Marionette	INFO	Listening on port 54510
1623784191560	Marionette	WARN	TLS certificate errors will be ignored for this session
JavaScript error: , line 0: TypeError: NetworkError when attempting to fetch resource.
1623784588488	Marionette	INFO	Stopped listening on port 54510

###!!! [Child][RunMessage] Error: Channel closing: too late to send/recv, messages will be lost

"--marionette" "-foreground" "-no-remote" "-profile" "C:\\Users\\stebl\\AppData\\Local\\Temp\\rust_mozprofilefFsLEX"
1623784317319	Marionette	INFO	Marionette enabled
console.warn: SearchSettings: "get: No settings file exists, new profile?" (new NotFoundError("Could not open the file at C:\\Users\\stebl\\AppData\\Local\\Temp\\rust_mozprofilefFsLEX\\search.json.mozlz4", (void 0)))
1623784319360	Marionette	INFO	Listening on port 54667
1623784319684	Marionette	WARN	TLS certificate errors will be ignored for this session
JavaScript error: , line 0: TypeError: NetworkError when attempting to fetch resource.
JavaScript error: https://st1.kp.yandex.net/js/main.js?v=9f0557bcab4760970fcc7668f976f4fc, line 2: TypeError: e.querySelectorAll is not a function
1623784589318	Marionette	INFO	Stopped listening on port 54667

###!!! [Child][RunMessage] Error: Channel closing: too late to send/recv, messages will be lost

"--marionette" "-foreground" "-no-remote" "-profile" "C:\\Users\\stebl\\AppData\\Local\\Temp\\rust_mozprofileoLFt6F"
1623784447499	Marionette	INFO	Marionette enabled
console.warn: SearchSettings: "get: No settings file exists, new profile?" (new NotFoundError("Could not open the file at C:\\Users\\stebl\\AppData\\Local\\Temp\\rust_mozprofileoLFt6F\\search.json.mozlz4", (void 0)))
1623784449841	Marionette	INFO	Listening on port 54819
1623784450330	Marionette	WARN	TLS certificate errors will be ignored for this session
JavaScript error: , line 0: TypeError: NetworkError when attempting to fetch resource.
JavaScript error: https://st1.kp.yandex.net/js/main.js?v=9f0557bcab4760970fcc7668f976f4fc, line 2: TypeError: e.querySelectorAll is not a function
1623784590118	Marionette	INFO	Stopped listening on port 54819
3784544901	mozrunner::runner	INFO	Running command: "C:\\Program Files\\Mozilla Firefox\\firefox.exe" "--marionette" "-foreground" "-no-remote" "-profile" "C:\\Users\\stebl\\AppData\\Local\\Temp\\rust_mozprofileVfK7fg"
1623784545221	Marionette	INFO	Marionette enabled
console.warn: SearchSettings: "get: No settings file exists, new profile?" (new NotFoundError("Could not open the file at C:\\Users\\stebl\\AppData\\Local\\Temp\\rust_mozprofileVfK7fg\\search.json.mozlz4", (void 0)))
1623784547210	Marionette	INFO	Listening on port 54960
1623784547592	Marionette	WARN	TLS certificate errors will be ignored for this session
JavaScript error: https://st1.kp.yandex.net/js/main.js?v=9f0557bcab4760970fcc7668f976f4fc, line 2: TypeError: e.querySelectorAll is not a function
JavaScript error: , line 0: TypeError: NetworkError when attempting to fetch resource.
1623785081031	Marionette	INFO	Stopped listening on port 54960

###!!! [Child][RunMessage] Error: Channel closing: too late to send/recv, messages will be lost

"--marionette" "-foreground" "-no-remote" "-profile" "C:\\Users\\stebl\\AppData\\Local\\Temp\\rust_mozprofile2pvul7"
1623784932278	Marionette	INFO	Marionette enabled
console.warn: SearchSettings: "get: No settings file exists, new profile?" (new NotFoundError("Could not open the file at C:\\Users\\stebl\\AppData\\Local\\Temp\\rust_mozprofile2pvul7\\search.json.mozlz4", (void 0)))
1623784934171	Marionette	INFO	Listening on port 55096
1623784934650	Marionette	WARN	TLS certificate errors will be ignored for this session
JavaScript error: , line 0: TypeError: NetworkError when attempting to fetch resource.
JavaScript error: https://st1.kp.yandex.net/js/main.js?v=9f0557bcab4760970fcc7668f976f4fc, line 2: TypeError: e.querySelectorAll is not a function
1623785081983	Marionette	INFO	Stopped listening on port 55096

###!!! [Child][RunMessage] Error: Channel closing: too late to send/recv, messages will be lost

"--marionette" "-foreground" "-no-remote" "-profile" "C:\\Users\\stebl\\AppData\\Local\\Temp\\rust_mozprofileidG7aX"
1623785014583	Marionette	INFO	Marionette enabled
console.warn: SearchSettings: "get: No settings file exists, new profile?" (new NotFoundError("Could not open the file at C:\\Users\\stebl\\AppData\\Local\\Temp\\rust_mozprofileidG7aX\\search.json.mozlz4", (void 0)))
1623785016511	Marionette	INFO	Listening on port 55218
1623785016936	Marionette	WARN	TLS certificate errors will be ignored for this session
JavaScript error: , line 0: TypeError: NetworkError when attempting to fetch resource.
1623785099525	Marionette	INFO	Stopped listening on port 55218

###!!! [Child][RunMessage] Error: Channel closing: too late to send/recv, messages will be lost

1623785106604	geckodriver	INFO	Listening on 127.0.0.1:55332
1623785109668	mozrunner::runner	INFO	Running command: "C:\\Program Files\\Mozilla Firefox\\firefox.exe" "--marionette" "-foreground" "-no-remote" "-profile" "C:\\Users\\stebl\\AppData\\Local\\Temp\\rust_mozprofileCie1uk"
1623785109988	Marionette	INFO	Marionette enabled
console.warn: SearchSettings: "get: No settings file exists, new profile?" (new NotFoundError("Could not open the file at C:\\Users\\stebl\\AppData\\Local\\Temp\\rust_mozprofileCie1uk\\search.json.mozlz4", (void 0)))
1623785111912	Marionette	INFO	Listening on port 55340
1623785112347	Marionette	WARN	TLS certificate errors will be ignored for this session
JavaScript error: , line 0: TypeError: NetworkError when attempting to fetch resource.
JavaScript error: https://st1.kp.yandex.net/js/main.js?v=9f0557bcab4760970fcc7668f976f4fc, line 2: TypeError: e.querySelectorAll is not a function
1623785144806	geckodriver	INFO	Listening on 127.0.0.1:55431
1623785147842	mozrunner::runner	INFO	Running command: "C:\\Program Files\\Mozilla Firefox\\firefox.exe" "--marionette" "-foreground" "-no-remote" "-profile" "C:\\Users\\stebl\\AppData\\Local\\Temp\\rust_mozprofileWOr48S"
1623785148153	Marionette	INFO	Marionette enabled
console.warn: SearchSettings: "get: No settings file exists, new profile?" (new NotFoundError("Could not open the file at C:\\Users\\stebl\\AppData\\Local\\Temp\\rust_mozprofileWOr48S\\search.json.mozlz4", (void 0)))
1623785150075	Marionette	INFO	Listening on port 55439
1623785150520	Marionette	WARN	TLS certificate errors will be ignored for this session
JavaScript error: , line 0: TypeError: NetworkError when attempting to fetch resource.
JavaScript error: https://st1.kp.yandex.net/js/main.js?v=9f0557bcab4760970fcc7668f976f4fc, line 2: TypeError: e.querySelectorAll is not a function
1623785248867	geckodriver	INFO	Listening on 127.0.0.1:55536
1623785251973	mozrunner::runner	INFO	Running command: "C:\\Program Files\\Mozilla Firefox\\firefox.exe" "--marionette" "-foreground" "-no-remote" "-profile" "C:\\Users\\stebl\\AppData\\Local\\Temp\\rust_mozprofiletIVEvf"
1623785252299	Marionette	INFO	Marionette enabled
console.warn: SearchSettings: "get: No settings file exists, new profile?" (new NotFoundError("Could not open the file at C:\\Users\\stebl\\AppData\\Local\\Temp\\rust_mozprofiletIVEvf\\search.json.mozlz4", (void 0)))
1623785254139	Marionette	INFO	Listening on port 55544
1623785254155	Marionette	WARN	TLS certificate errors will be ignored for this session
JavaScript error: , line 0: TypeError: NetworkError when attempting to fetch resource.
1623786249470	Marionette	INFO	Stopped listening on port 55544

###!!! [Child][RunMessage] Error: Channel closing: too late to send/recv, messages will be lost

"--marionette" "-foreground" "-no-remote" "-profile" "C:\\Users\\stebl\\AppData\\Local\\Temp\\rust_mozprofilehf2QVx"
1623785460848	Marionette	INFO	Marionette enabled
console.warn: SearchSettings: "get: No settings file exists, new profile?" (new NotFoundError("Could not open the file at C:\\Users\\stebl\\AppData\\Local\\Temp\\rust_mozprofilehf2QVx\\search.json.mozlz4", (void 0)))
1623785462797	Marionette	INFO	Listening on port 55698
1623785463225	Marionette	WARN	TLS certificate errors will be ignored for this session
JavaScript error: , line 0: TypeError: NetworkError when attempting to fetch resource.
JavaScript error: https://st1.kp.yandex.net/js/main.js?v=9f0557bcab4760970fcc7668f976f4fc, line 2: TypeError: e.querySelectorAll is not a function
1624095419510	geckodriver	INFO	Listening on 127.0.0.1:52849
1624095422563	mozrunner::runner	INFO	Running command: "C:\\Program Files\\Mozilla Firefox\\firefox.exe" "--marionette" "-foreground" "-no-remote" "-profile" "C:\\Users\\stebl\\AppData\\Local\\Temp\\rust_mozprofileB31jaS"
1624095422973	Marionette	INFO	Marionette enabled
console.warn: SearchSettings: "get: No settings file exists, new profile?" (new NotFoundError("Could not open the file at C:\\Users\\stebl\\AppData\\Local\\Temp\\rust_mozprofileB31jaS\\search.json.mozlz4", (void 0)))
1624095425309	Marionette	INFO	Listening on port 52857
1624095425776	Marionette	WARN	TLS certificate errors will be ignored for this session
1624095572917	geckodriver	INFO	Listening on 127.0.0.1:52902
1624095575999	mozrunner::runner	INFO	Running command: "C:\\Program Files\\Mozilla Firefox\\firefox.exe" "--marionette" "-foreground" "-no-remote" "-profile" "C:\\Users\\stebl\\AppData\\Local\\Temp\\rust_mozprofilevGQuQX"
1624095576343	Marionette	INFO	Marionette enabled
console.warn: SearchSettings: "get: No settings file exists, new profile?" (new NotFoundError("Could not open the file at C:\\Users\\stebl\\AppData\\Local\\Temp\\rust_mozprofilevGQuQX\\search.json.mozlz4", (void 0)))
1624095578246	Marionette	INFO	Listening on port 52910
1624095578676	Marionette	WARN	TLS certificate errors will be ignored for this session
JavaScript error: , line 0: TypeError: NetworkError when attempting to fetch resource.
1624095682030	Marionette	INFO	Stopped listening on port 52911624095682380	mozrunner::runner	INFO	Running command: "C:\\Program Files\\Mozilla Firefox\\firefox.exe" "--marionette" "-foreground" "-no-remote" "-profile" "C:\\Users\\stebl\\AppData\\Local\\Temp\\rust_mozprofiledAa1ff"
1624095682700	Marionette	INFO	Marionette enabled
console.warn: SearchSettings: "get: No settings file exists, new profile?" (new NotFoundError("Could not open the file at C:\\Users\\stebl\\AppData\\Local\\Temp\\rust_mozprofiledAa1ff\\search.json.mozlz4", (void 0)))
1624095684573	Marionette	INFO	Listening on port 53013
1624095685065	Marionette	WARN	TLS certificate errors will be ignored for this session
JavaScript error: , line 0: TypeError: NetworkError when attempting to fetch resource.
1624095786839	geckodriver	INFO	Listening on 127.0.0.1:53091
1624095789926	mozrunner::runner	INFO	Running command: "C:\\Program Files\\Mozilla Firefox\\firefox.exe" "--marionette" "-foreground" "-no-remote" "-profile" "C:\\Users\\stebl\\AppData\\Local\\Temp\\rust_mozprofileTcT0rC"
1624095790271	Marionette	INFO	Marionette enabled
console.warn: SearchSettings: "get: No settings file exists, new profile?" (new NotFoundError("Could not open the file at C:\\Users\\stebl\\AppData\\Local\\Temp\\rust_mozprofileTcT0rC\\search.json.mozlz4", (void 0)))
1624095792214	Marionette	INFO	Listening on port 53100
1624095792610	Marionette	WARN	TLS certificate errors will be ignored for this session
JavaScript error: , line 0: TypeError: NetworkError when attempting to fetch resource.
1624095893002	geckodriver	INFO	Listening on 127.0.0.1:53194
1624095896105	mozrunner::runner	INFO	Running command: "C:\\Program Files\\Mozilla Firefox\\firefox.exe" "--marionette" "-foreground" "-no-remote" "-profile" "C:\\Users\\stebl\\AppData\\Local\\Temp\\rust_mozprofileXm2rd6"
1624095896430	Marionette	INFO	Marionette enabled
console.warn: SearchSettings: "get: No settings file exists, new profile?" (new NotFoundError("Could not open the file at C:\\Users\\stebl\\AppData\\Local\\Temp\\rust_mozprofileXm2rd6\\search.json.mozlz4", (void 0)))
1624095898370	Marionette	INFO	Listening on port 53203
1624095898792	Marionette	WARN	TLS certificate errors will be ignored for this session
JavaScript error: , line 0: TypeError: NetworkError when attempting to fetch resource.
1624097029741	Marionette	INFO	Stopped listening on port 53203

###!!! [Child][RunMessage] Error: Channel closing: too late to send/recv, messages will be lost

"--marionette" "-foreground" "-no-remote" "-profile" "C:\\Users\\stebl\\AppData\\Local\\Temp\\rust_mozprofileGwLafP"
1624095924266	Marionette	INFO	Marionette enabled
console.warn: SearchSettings: "get: No settings file exists, new profile?" (new NotFoundError("Could not open the file at C:\\Users\\stebl\\AppData\\Local\\Temp\\rust_mozprofileGwLafP\\search.json.mozlz4", (void 0)))
1624095926054	Marionette	INFO	Listening on port 53307
1624095926105	Marionette	WARN	TLS certificate errors will be ignored for this session
JavaScript error: , line 0: TypeError: NetworkError when attempting to fetch resource.
1624096001748	geckodriver	INFO	Listening on 127.0.0.1:53402
1624096004835	mozrunner::runner	INFO	Running command: "C:\\Program Files\\Mozilla Firefox\\firefox.exe" "--marionette" "-foreground" "-no-remote" "-profile" "C:\\Users\\stebl\\AppData\\Local\\Temp\\rust_mozprofile4D9bSv"
1624096005161	Marionette	INFO	Marionette enabled
console.warn: SearchSettings: "get: No settings file exists, new profile?" (new NotFoundError("Could not open the file at C:\\Users\\stebl\\AppData\\Local\\Temp\\rust_mozprofile4D9bSv\\search.json.mozlz4", (void 0)))
1624096007029	Marionette	INFO	Listening on port 53410
1624096007525	Marionette	WARN	TLS certificate errors will be ignored for this session
JavaScript error: , line 0: TypeError: NetworkError when attempting to fetch resource.
1624096091393	geckodriver	INFO	Listening on 127.0.0.1:53506
1624096094465	mozrunner::runner	INFO	Running command: "C:\\Program Files\\Mozilla Firefox\\firefox.exe" "--marionette" "-foreground" "-no-remote" "-profile" "C:\\Users\\stebl\\AppData\\Local\\Temp\\rust_mozprofileogOHVN"
1624096094784	Marionette	INFO	Marionette enabled
console.warn: SearchSettings: "get: No settings file exists, new profile?" (new NotFoundError("Could not open the file at C:\\Users\\stebl\\AppData\\Local\\Temp\\rust_mozprofileogOHVN\\search.json.mozlz4", (void 0)))
1624096096702	Marionette	INFO	Listening on port 53514
1624096097146	Marionette	WARN	TLS certificate errors will be ignored for this session
1624096107689	Marionette	WARN	Ignoring event 'DOMContentLoaded' because document has an invalid readyState of 'complete'.
1624097030512	Marionette	INFO	Stopped listening on port 53514

###!!! [Child][RunMessage] Error: Channel closing: too late to send/recv, messages will be lost

"--marionette" "-foreground" "-no-remote" "-profile" "C:\\Users\\stebl\\AppData\\Local\\Temp\\rust_mozprofilecGhuUU"
1624096137620	Marionette	INFO	Marionette enabled
console.warn: SearchSettings: "get: No settings file exists, new profile?" (new NotFoundError("Could not open the file at C:\\Users\\stebl\\AppData\\Local\\Temp\\rust_mozprofilecGhuUU\\search.json.mozlz4", (void 0)))
1624096139638	Marionette	INFO	Listening on port 53609
1624096139931	Marionette	WARN	TLS certificate errors will be ignored for this session
JavaScript error: , line 0: TypeError: NetworkError when attempting to fetch resource.
1624096209762	geckodriver	INFO	Listening on 127.0.0.1:53709
1624096212829	mozrunner::runner	INFO	Running command: "C:\\Program Files\\Mozilla Firefox\\firefox.exe" "--marionette" "-foreground" "-no-remote" "-profile" "C:\\Users\\stebl\\AppData\\Local\\Temp\\rust_mozprofilepxd9vd"
1624096213149	Marionette	INFO	Marionette enabled
console.warn: SearchSettings: "get: No settings file exists, new profile?" (new NotFoundError("Could not open the file at C:\\Users\\stebl\\AppData\\Local\\Temp\\rust_mozprofilepxd9vd\\search.json.mozlz4", (void 0)))
1624096215021	Marionette	INFO	Listening on port 53717
1624096215515	Marionette	WARN	TLS certificate errors will be ignored for this session
JavaScript error: , line 0: TypeError: NetworkError when attempting to fetch resource.
1624097023366	geckodriver	INFO	Listening on 127.0.0.1:53856
1624097026444	mozrunner::runner	INFO	Running command: "C:\\Program Files\\Mozilla Firefox\\firefox.exe" "--marionette" "-foreground" "-no-remote" "-profile" "C:\\Users\\stebl\\AppData\\Local\\Temp\\rust_mozprofile3ZamfK"
1624097026774	Marionette	INFO	Marionette enabled
console.warn: SearchSettings: "get: No settings file exists, new profile?" (new NotFoundError("Could not open the file at C:\\Users\\stebl\\AppData\\Local\\Temp\\rust_mozprofile3ZamfK\\search.json.mozlz4", (void 0)))
1624097028698	Marionette	INFO	Listening on port 53864
1624097029119	Marionette	WARN	TLS certificate errors will be ignored for this session
JavaScript error: , line 0: TypeError: NetworkError when attempting to fetch resource.
1624097691840	Marionette	WARN	Ignoring event 'DOMContentLoaded' because document has an invalid readyState of 'complete'.
1624097707489	Marionette	INFO	Stopped listening on port 53864

###!!! [Child][RunMessage] Error: Channel closing: too late to send/recv, messages will be lost

7100435	Marionette	INFO	Marionette enabled
console.warn: SearchSettings: "get: No settings file exists, new profile?" (new NotFoundError("Could not open the file at C:\\Users\\stebl\\AppData\\Local\\Temp\\rust_mozprofileB5ZKhZ\\search.json.mozlz4", (void 0)))
1624097102249	Marionette	INFO	Listening on port 53963
1624097102289	Marionette	WARN	TLS certificate errors will be ignored for this session
JavaScript error: , line 0: TypeError: NetworkError when attempting to fetch resource.
1624097258794	geckodriver	INFO	Listening on 127.0.0.1:54062
1624097261858	mozrunner::runner	INFO	Running command: "C:\\Program Files\\Mozilla Firefox\\firefox.exe" "--marionette" "-foreground" "-no-remote" "-profile" "C:\\Users\\stebl\\AppData\\Local\\Temp\\rust_mozprofileBSBbvt"
1624097262167	Marionette	INFO	Marionette enabled
console.warn: SearchSettings: "get: No settings file exists, new profile?" (new NotFoundError("Could not open the file at C:\\Users\\stebl\\AppData\\Local\\Temp\\rust_mozprofileBSBbvt\\search.json.mozlz4", (void 0)))
1624097264129	Marionette	INFO	Listening on port 54070
1624097264546	Marionette	WARN	TLS certificate errors will be ignored for this session
JavaScript error: , line 0: TypeError: NetworkError when attempting to fetch resource.
1624097303473	geckodriver	INFO	Listening on 127.0.0.1:54158
1624097306565	mozrunner::runner	INFO	Running command: "C:\\Program Files\\Mozilla Firefox\\firefox.exe" "--marionette" "-foreground" "-no-remote" "-profile" "C:\\Users\\stebl\\AppData\\Local\\Temp\\rust_mozprofile48tCDb"
1624097306889	Marionette	INFO	Marionette enabled
console.warn: SearchSettings: "get: No settings file exists, new profile?" (new NotFoundError("Could not open the file at C:\\Users\\stebl\\AppData\\Local\\Temp\\rust_mozprofile48tCDb\\search.json.mozlz4", (void 0)))
1624097308715	Marionette	INFO	Listening on port 54168
1624097308760	Marionette	WARN	TLS certificate errors will be ignored for this session
JavaScript error: , line 0: TypeError: NetworkError when attempting to fetch resource.
1624097476578	geckodriver	INFO	Listening on 127.0.0.1:54284
1624097479637	mozrunner::runner	INFO	Running command: "C:\\Program Files\\Mozilla Firefox\\firefox.exe" "--marionette" "-foreground" "-no-remote" "-profile" "C:\\Users\\stebl\\AppData\\Local\\Temp\\rust_mozprofilejE0Mcf"
1624097479968	Marionette	INFO	Marionette enabled
console.warn: SearchSettings: "get: No settings file exists, new profile?" (new NotFoundError("Could not open the file at C:\\Users\\stebl\\AppData\\Local\\Temp\\rust_mozprofilejE0Mcf\\search.json.mozlz4", (void 0)))
1624097481925	Marionette	INFO	Listening on port 54293
1624097482312	Marionette	WARN	TLS certificate errors will be ignored for this session
1624097516362	Marionette	WARN	Ignoring event 'DOMContentLoaded' because document has an invalid readyState of 'complete'.
1624097663708	Marionette	INFO	Stopped listening on port 54293

###!!! [Child][RunMessage] Error: Channel closing: too late to send/recv, messages will be lost

"--marionette" "-foreground" "-no-remote" "-profile" "C:\\Users\\stebl\\AppData\\Local\\Temp\\rust_mozprofileh83x5q"
1624097616647	Marionette	INFO	Marionette enabled
console.warn: SearchSettings: "get: No settings file exists, new profile?" (new NotFoundError("Could not open the file at C:\\Users\\stebl\\AppData\\Local\\Temp\\rust_mozprofileh83x5q\\search.json.mozlz4", (void 0)))
1624097618507	Marionette	INFO	Listening on port 54417
1624097618958	Marionette	WARN	TLS certificate errors will be ignored for this session
1624097631337	Marionette	WARN	Ignoring event 'DOMContentLoaded' because document has an invalid readyState of 'complete'.
1624097706669	Marionette	INFO	Stopped listening on port 54417

###!!! [Child][RunMessage] Error: Channel closing: too late to send/recv, messages will be lost

1624097746529	geckodriver	INFO	Listening on 127.0.0.1:54666
1624097749606	mozrunner::runner	INFO	Running command: "C:\\Program Files\\Mozilla Firefox\\firefox.exe" "--marionette" "-foreground" "-no-remote" "-profile" "C:\\Users\\stebl\\AppData\\Local\\Temp\\rust_mozprofileaAfgGV"
1624097749928	Marionette	INFO	Marionette enabled
console.warn: SearchSettings: "get: No settings file exists, new profile?" (new NotFoundError("Could not open the file at C:\\Users\\stebl\\AppData\\Local\\Temp\\rust_mozprofileaAfgGV\\search.json.mozlz4", (void 0)))
1624097751828	Marionette	INFO	Listening on port 54674
1624097752274	Marionette	WARN	TLS certificate errors will be ignored for this session
1624097765050	Marionette	WARN	Ignoring event 'DOMContentLoaded' because document has an invalid readyState of 'complete'.

###!!! [Child][RunMessage] Error: Channel closing: too late to send/recv, messages will be lost

1624097773600	Marionette	INFO	Stopped listening on port 54674

###!!! [Child][RunMessage] Error: Channel closing: too late to send/recv, messages will be lost

1624097800637	geckodriver	INFO	Listening on 127.0.0.1:54787
1624097803710	mozrunner::runner	INFO	Running command: "C:\\Program Files\\Mozilla Firefox\\firefox.exe" "--marionette" "-foreground" "-no-remote" "-profile" "C:\\Users\\stebl\\AppData\\Local\\Temp\\rust_mozprofileTBp0vx"
1624097804025	Marionette	INFO	Marionette enabled
console.warn: SearchSettings: "get: No settings file exists, new profile?" (new NotFoundError("Could not open the file at C:\\Users\\stebl\\AppData\\Local\\Temp\\rust_mozprofileTBp0vx\\search.json.mozlz4", (void 0)))
1624097805941	Marionette	INFO	Listening on port 54795
1624097806382	Marionette	WARN	TLS certificate errors will be ignored for this session
1624097814593	Marionette	WARN	Ignoring event 'DOMContentLoaded' because document has an invalid readyState of 'complete'.
1624097881568	Marionette	INFO	Stopped listening on port 54795
4097829979	mozrunner::runner	INFO	Running command: "C:\\Program Files\\Mozilla Firefox\\firefox.exe" "--marionette" "-foreground" "-no-remote" "-profile" "C:\\Users\\stebl\\AppData\\Local\\Temp\\rust_mozprofileOEEG5Z"
1624097830311	Marionette	INFO	Marionette enabled
console.warn: SearchSettings: "get: No settings file exists, new profile?" (new NotFoundError("Could not open the file at C:\\Users\\stebl\\AppData\\Local\\Temp\\rust_mozprofileOEEG5Z\\search.json.mozlz4", (void 0)))
1624097832132	Marionette	INFO	Listening on port 54917
1624097832151	Marionette	WARN	TLS certificate errors will be ignored for this session
1624097837337	Marionette	WARN	Ignoring event 'DOMContentLoaded' because document has an invalid readyState of 'complete'.
1624097882927	Marionette	INFO	Stopped listening on port 54917
4097880605	mozrunner::runner	INFO	Running command: "C:\\Program Files\\Mozilla Firefox\\firefox.exe" "--marionette" "-foreground" "-no-remote" "-profile" "C:\\Users\\stebl\\AppData\\Local\\Temp\\rust_mozprofileE3FApN"
1624097880929	Marionette	INFO	Marionette enabled
console.warn: SearchSettings: "get: No settings file exists, new profile?" (new NotFoundError("Could not open the file at C:\\Users\\stebl\\AppData\\Local\\Temp\\rust_mozprofileE3FApN\\search.json.mozlz4", (void 0)))
1624097882867	Marionette	INFO	Listening on port 55019
1624097883293	Marionette	WARN	TLS certificate errors will be ignored for this session
1624097892296	Marionette	WARN	Ignoring event 'DOMContentLoaded' because document has an invalid readyState of 'complete'.
1624100446334	Marionette	INFO	Stopped listening on port 55019
4097936157	mozrunner::runner	INFO	Running command: "C:\\Program Files\\Mozilla Firefox\\firefox.exe" "--marionette" "-foreground" "-no-remote" "-profile" "C:\\Users\\stebl\\AppData\\Local\\Temp\\rust_mozprofile5FQrfS"
1624097936716	Marionette	INFO	Marionette enabled
console.warn: SearchSettings: "get: No settings file exists, new profile?" (new NotFoundError("Could not open the file at C:\\Users\\stebl\\AppData\\Local\\Temp\\rust_mozprofile5FQrfS\\search.json.mozlz4", (void 0)))
1624097938956	Marionette	INFO	Listening on port 55157
1624097939332	Marionette	WARN	TLS certificate errors will be ignored for this session
JavaScript error: , line 0: TypeError: NetworkError when attempting to fetch resource.
1624100447079	Marionette	INFO	Stopped listening on port 55157

###!!! [Child][RunMessage] Error: Channel closing: too late to send/recv, messages will be lost

"--marionette" "-foreground" "-no-remote" "-profile" "C:\\Users\\stebl\\AppData\\Local\\Temp\\rust_mozprofilegFREd4"
1624098916877	Marionette	INFO	Marionette enabled
console.warn: SearchSettings: "get: No settings file exists, new profile?" (new NotFoundError("Could not open the file at C:\\Users\\stebl\\AppData\\Local\\Temp\\rust_mozprofilegFREd4\\search.json.mozlz4", (void 0)))
1624098918880	Marionette	INFO	Listening on port 55379
1624098919229	Marionette	WARN	TLS certificate errors will be ignored for this session
JavaScript error: , line 0: TypeError: NetworkError when attempting to fetch resource.
1624100447544	Marionette	INFO	Stopped listening on port 55379

###!!! [Child][RunMessage] Error: Channel closing: too late to send/recv, messages will be lost

"--marionette" "-foreground" "-no-remote" "-profile" "C:\\Users\\stebl\\AppData\\Local\\Temp\\rust_mozprofile0HxCwm"
1624098958211	Marionette	INFO	Marionette enabled
console.warn: SearchSettings: "get: No settings file exists, new profile?" (new NotFoundError("Could not open the file at C:\\Users\\stebl\\AppData\\Local\\Temp\\rust_mozprofile0HxCwm\\search.json.mozlz4", (void 0)))
1624098960140	Marionette	INFO	Listening on port 55472
1624098960570	Marionette	WARN	TLS certificate errors will be ignored for this session
JavaScript error: , line 0: TypeError: NetworkError when attempting to fetch resource.
1624099008799	geckodriver	INFO	Listening on 127.0.0.1:55561
1624099011820	mozrunner::runner	INFO	Running command: "C:\\Program Files\\Mozilla Firefox\\firefox.exe" "--marionette" "-foreground" "-no-remote" "-profile" "C:\\Users\\stebl\\AppData\\Local\\Temp\\rust_mozprofileLCPZqU"
1624099012156	Marionette	INFO	Marionette enabled
console.warn: SearchSettings: "get: No settings file exists, new profile?" (new NotFoundError("Could not open the file at C:\\Users\\stebl\\AppData\\Local\\Temp\\rust_mozprofileLCPZqU\\search.json.mozlz4", (void 0)))
1624099014096	Marionette	INFO	Listening on port 55569
1624099014493	Marionette	WARN	TLS certificate errors will be ignored for this session
JavaScript error: , line 0: TypeError: NetworkError when attempting to fetch resource.
1624099081404	geckodriver	INFO	Listening on 127.0.0.1:55660
1624099084482	mozrunner::runner	INFO	Running command: "C:\\Program Files\\Mozilla Firefox\\firefox.exe" "--marionette" "-foreground" "-no-remote" "-profile" "C:\\Users\\stebl\\AppData\\Local\\Temp\\rust_mozprofileO7r9HX"
1624099084801	Marionette	INFO	Marionette enabled
console.warn: SearchSettings: "get: No settings file exists, new profile?" (new NotFoundError("Could not open the file at C:\\Users\\stebl\\AppData\\Local\\Temp\\rust_mozprofileO7r9HX\\search.json.mozlz4", (void 0)))
1624099086892	Marionette	INFO	Listening on port 55668
1624099087165	Marionette	WARN	TLS certificate errors will be ignored for this session
1624099097956	Marionette	WARN	Ignoring event 'DOMContentLoaded' because document has an invalid readyState of 'complete'.
1624099185742	geckodriver	INFO	Listening on 127.0.0.1:55765
1624099188829	mozrunner::runner	INFO	Running command: "C:\\Program Files\\Mozilla Firefox\\firefox.exe" "--marionette" "-foreground" "-no-remote" "-profile" "C:\\Users\\stebl\\AppData\\Local\\Temp\\rust_mozprofilelZ3Wgc"
1624099189153	Marionette	INFO	Marionette enabled
console.warn: SearchSettings: "get: No settings file exists, new profile?" (new NotFoundError("Could not open the file at C:\\Users\\stebl\\AppData\\Local\\Temp\\rust_mozprofilelZ3Wgc\\search.json.mozlz4", (void 0)))
1624099191031	Marionette	INFO	Listening on port 55774
1624099191494	Marionette	WARN	TLS certificate errors will be ignored for this session
JavaScript error: , line 0: TypeError: NetworkError when attempting to fetch resource.
1624099278324	geckodriver	INFO	Listening on 127.0.0.1:55869
1624099281398	mozrunner::runner	INFO	Running command: "C:\\Program Files\\Mozilla Firefox\\firefox.exe" "--marionette" "-foreground" "-no-remote" "-profile" "C:\\Users\\stebl\\AppData\\Local\\Temp\\rust_mozprofile3lSVrA"
1624099281755	Marionette	INFO	Marionette enabled
console.warn: SearchSettings: "get: No settings file exists, new profile?" (new NotFoundError("Could not open the file at C:\\Users\\stebl\\AppData\\Local\\Temp\\rust_mozprofile3lSVrA\\search.json.mozlz4", (void 0)))
1624099283855	Marionette	INFO	Listening on port 55877
1624099284073	Marionette	WARN	TLS certificate errors will be ignored for this session
JavaScript error: , line 0: TypeError: NetworkError when attempting to fetch resource.
1624100160475	geckodriver	INFO	Listening on 127.0.0.1:56087
1624100163540	mozrunner::runner	INFO	Running command: "C:\\Program Files\\Mozilla Firefox\\firefox.exe" "--marionette" "-foreground" "-no-remote" "-profile" "C:\\Users\\stebl\\AppData\\Local\\Temp\\rust_mozprofileXDav4M"
1624100163895	Marionette	INFO	Marionette enabled
console.warn: SearchSettings: "get: No settings file exists, new profile?" (new NotFoundError("Could not open the file at C:\\Users\\stebl\\AppData\\Local\\Temp\\rust_mozprofileXDav4M\\search.json.mozlz4", (void 0)))
1624100165982	Marionette	INFO	Listening on port 56095
1624100166205	Marionette	WARN	TLS certificate errors will be ignored for this session
JavaScript error: , line 0: TypeError: NetworkError when attempting to fetch resource.
1624100448009	Marionette	INFO	Stopped listening on port 56095
4100406453	mozrunner::runner	INFO	Running command: "C:\\Program Files\\Mozilla Firefox\\firefox.exe" "--marionette" "-foreground" "-no-remote" "-profile" "C:\\Users\\stebl\\AppData\\Local\\Temp\\rust_mozprofileSp2knI"
1624100406770	Marionette	INFO	Marionette enabled
console.warn: SearchSettings: "get: No settings file exists, new profile?" (new NotFoundError("Could not open the file at C:\\Users\\stebl\\AppData\\Local\\Temp\\rust_mozprofileSp2knI\\search.json.mozlz4", (void 0)))
1624100408763	Marionette	INFO	Listening on port 56212
1624100409124	Marionette	WARN	TLS certificate errors will be ignored for this session
1624100419310	Marionette	WARN	Ignoring event 'DOMContentLoaded' because document has an invalid readyState of 'complete'.
1624100450182	Marionette	INFO	Stopped listening on port 56212

###!!! [Child][RunMessage] Error: Channel closing: too late to send/recv, messages will be lost

"--marionette" "-foreground" "-no-remote" "-profile" "C:\\Users\\stebl\\AppData\\Local\\Temp\\rust_mozprofile4KTZW3"
1624100443863	Marionette	INFO	Marionette enabled
console.warn: SearchSettings: "get: No settings file exists, new profile?" (new NotFoundError("Could not open the file at C:\\Users\\stebl\\AppData\\Local\\Temp\\rust_mozprofile4KTZW3\\search.json.mozlz4", (void 0)))
1624100446037	Marionette	INFO	Listening on port 56306
1624100446185	Marionette	WARN	TLS certificate errors will be ignored for this session
1624100450784	Marionette	INFO	Stopped listening on port 56306

###!!! [Child][RunMessage] Error: Channel closing: too late to send/recv, messages will be lost

1624100456605	geckodriver	INFO	Listening on 127.0.0.1:56349
1624100459707	mozrunner::runner	INFO	Running command: "C:\\Program Files\\Mozilla Firefox\\firefox.exe" "--marionette" "-foreground" "-no-remote" "-profile" "C:\\Users\\stebl\\AppData\\Local\\Temp\\rust_mozprofilerVyxXc"
1624100460025	Marionette	INFO	Marionette enabled
console.warn: SearchSettings: "get: No settings file exists, new profile?" (new NotFoundError("Could not open the file at C:\\Users\\stebl\\AppData\\Local\\Temp\\rust_mozprofilerVyxXc\\search.json.mozlz4", (void 0)))
1624100461979	Marionette	INFO	Listening on port 56357
1624100462382	Marionette	WARN	TLS certificate errors will be ignored for this session
JavaScript error: , line 0: TypeError: NetworkError when attempting to fetch resource.
1624104847811	Marionette	INFO	Stopped listening on port 56357

###!!! [Child][RunMessage] Error: Channel closing: too late to send/recv, messages will be lost

"--marionette" "-foreground" "-no-remote" "-profile" "C:\\Users\\stebl\\AppData\\Local\\Temp\\rust_mozprofile9dKLAY"
1624100532722	Marionette	INFO	Marionette enabled
console.warn: SearchSettings: "get: No settings file exists, new profile?" (new NotFoundError("Could not open the file at C:\\Users\\stebl\\AppData\\Local\\Temp\\rust_mozprofile9dKLAY\\search.json.mozlz4", (void 0)))
1624100534706	Marionette	INFO	Listening on port 56472
1624100535069	Marionette	WARN	TLS certificate errors will be ignored for this session
JavaScript error: , line 0: TypeError: NetworkError when attempting to fetch resource.
1624104848687	Marionette	INFO	Stopped listening on port 56472

###!!! [Child][RunMessage] Error: Channel closing: too late to send/recv, messages will be lost

"--marionette" "-foreground" "-no-remote" "-profile" "C:\\Users\\stebl\\AppData\\Local\\Temp\\rust_mozprofileA3YDYy"
1624100649259	Marionette	INFO	Marionette enabled
console.warn: SearchSettings: "get: No settings file exists, new profile?" (new NotFoundError("Could not open the file at C:\\Users\\stebl\\AppData\\Local\\Temp\\rust_mozprofileA3YDYy\\search.json.mozlz4", (void 0)))
1624100651249	Marionette	INFO	Listening on port 56577
1624100651601	Marionette	WARN	TLS certificate errors will be ignored for this session
JavaScript error: , line 0: TypeError: NetworkError when attempting to fetch resource.
1624100725540	geckodriver	INFO	Listening on 127.0.0.1:56671
1624100728620	mozrunner::runner	INFO	Running command: "C:\\Program Files\\Mozilla Firefox\\firefox.exe" "--marionette" "-foreground" "-no-remote" "-profile" "C:\\Users\\stebl\\AppData\\Local\\Temp\\rust_mozprofilevOnOFy"
1624100728961	Marionette	INFO	Marionette enabled
console.warn: SearchSettings: "get: No settings file exists, new profile?" (new NotFoundError("Could not open the file at C:\\Users\\stebl\\AppData\\Local\\Temp\\rust_mozprofilevOnOFy\\search.json.mozlz4", (void 0)))
1624100730932	Marionette	INFO	Listening on port 56679
1624100731301	Marionette	WARN	TLS certificate errors will be ignored for this session
JavaScript error: , line 0: TypeError: NetworkError when attempting to fetch resource.
1624100961201	geckodriver	INFO	Listening on 127.0.0.1:56777
1624100964286	mozrunner::runner	INFO	Running command: "C:\\Program Files\\Mozilla Firefox\\firefox.exe" "--marionette" "-foreground" "-no-remote" "-profile" "C:\\Users\\stebl\\AppData\\Local\\Temp\\rust_mozprofileW0urIW"
1624100964609	Marionette	INFO	Marionette enabled
console.warn: SearchSettings: "get: No settings file exists, new profile?" (new NotFoundError("Could not open the file at C:\\Users\\stebl\\AppData\\Local\\Temp\\rust_mozprofileW0urIW\\search.json.mozlz4", (void 0)))
1624100966568	Marionette	INFO	Listening on port 56785
1624100966977	Marionette	WARN	TLS certificate errors will be ignored for this session
JavaScript error: , line 0: TypeError: NetworkError when attempting to fetch resource.
